2022-03-07 18:33:44,484:INFO:PyCaret Supervised Module
2022-03-07 18:33:44,484:INFO:ML Usecase: classification
2022-03-07 18:33:44,484:INFO:version 2.3.6
2022-03-07 18:33:44,484:INFO:Initializing setup()
2022-03-07 18:33:44,484:INFO:setup(target=dependant, ml_usecase=classification, available_plots={'parameter': 'Hyperparameters', 'auc': 'AUC', 'confusion_matrix': 'Confusion Matrix', 'threshold': 'Threshold', 'pr': 'Precision Recall', 'error': 'Prediction Error', 'class_report': 'Class Report', 'rfe': 'Feature Selection', 'learning': 'Learning Curve', 'manifold': 'Manifold Learning', 'calibration': 'Calibration Curve', 'vc': 'Validation Curve', 'dimension': 'Dimensions', 'feature': 'Feature Importance', 'feature_all': 'Feature Importance (All)', 'boundary': 'Decision Boundary', 'lift': 'Lift Chart', 'gain': 'Gain Chart', 'tree': 'Decision Tree', 'ks': 'KS Statistic Plot'}, train_size=0.7, test_data=None, preprocess=True, imputation_type=simple, iterative_imputation_iters=5, categorical_features=None, categorical_imputation=constant, categorical_iterative_imputer=lightgbm, ordinal_features=None, high_cardinality_features=None, high_cardinality_method=frequency, numeric_features=None, numeric_imputation=mean, numeric_iterative_imputer=lightgbm, date_features=None, ignore_features=None, normalize=False, normalize_method=zscore, transformation=False, transformation_method=yeo-johnson, handle_unknown_categorical=True, unknown_categorical_method=least_frequent, pca=False, pca_method=linear, pca_components=None, ignore_low_variance=False, combine_rare_levels=False, rare_level_threshold=0.1, bin_numeric_features=None, remove_outliers=False, outliers_threshold=0.05, remove_multicollinearity=False, multicollinearity_threshold=0.9, remove_perfect_collinearity=True, create_clusters=False, cluster_iter=20, polynomial_features=False, polynomial_degree=2, trigonometry_features=False, polynomial_threshold=0.1, group_features=None, group_names=None, feature_selection=False, feature_selection_threshold=0.8, feature_selection_method=classic, feature_interaction=False, feature_ratio=False, interaction_threshold=0.01, fix_imbalance=False, fix_imbalance_method=None, transform_target=False, transform_target_method=box-cox, data_split_shuffle=True, data_split_stratify=False, fold_strategy=stratifiedkfold, fold=10, fold_shuffle=False, fold_groups=None, n_jobs=-1, use_gpu=False, custom_pipeline=None, html=False, session_id=None, log_experiment=False, experiment_name=None, log_plots=False, log_profile=False, log_data=False, silent=True, verbose=False, profile=False, profile_kwargs=None, display=None)
2022-03-07 18:33:44,484:INFO:Checking environment
2022-03-07 18:33:44,484:INFO:python_version: 3.8.12
2022-03-07 18:33:44,484:INFO:python_build: ('default', 'Jan 30 2022 23:13:24')
2022-03-07 18:33:44,484:INFO:machine: arm64
2022-03-07 18:33:44,484:INFO:platform: macOS-12.0-arm64-arm-64bit
2022-03-07 18:33:44,485:WARNING:cannot find psutil installation. memory not traceable. Install psutil using pip to enable memory logging.
2022-03-07 18:33:44,485:INFO:Checking libraries
2022-03-07 18:33:44,485:INFO:pd==1.4.1
2022-03-07 18:33:44,485:INFO:numpy==1.20.0
2022-03-07 18:33:44,485:INFO:sklearn==0.23.2
2022-03-07 18:33:44,485:INFO:lightgbm==3.3.2
2022-03-07 18:33:44,485:WARNING:catboost not found
2022-03-07 18:33:44,621:INFO:xgboost==1.5.1
2022-03-07 18:33:44,822:INFO:mlflow==1.23.1
2022-03-07 18:33:44,822:INFO:Checking Exceptions
2022-03-07 18:33:44,822:INFO:Declaring global variables
2022-03-07 18:33:44,822:INFO:USI: ec1b
2022-03-07 18:33:44,822:INFO:pycaret_globals: {'_internal_pipeline', 'fold_param', 'data_before_preprocess', 'pycaret_globals', '_available_plots', 'gpu_param', 'fold_generator', 'fold_groups_param', 'logging_param', 'USI', 'transform_target_param', '_all_models_internal', 'iterative_imputation_iters_param', 'prep_pipe', 'create_model_container', '_all_models', 'display_container', 'html_param', 'fold_groups_param_full', 'y_train', 'fix_imbalance_method_param', 'X_train', '_gpu_n_jobs_param', 'imputation_classifier', 'imputation_regressor', 'seed', 'exp_name_log', '_ml_usecase', 'target_param', 'X', 'experiment__', 'fix_imbalance_param', 'stratify_param', 'y_test', 'fold_shuffle_param', 'X_test', 'master_model_container', 'n_jobs_param', 'y', 'log_plots_param', '_all_metrics', 'transform_target_method_param'}
2022-03-07 18:33:44,822:INFO:Preparing display monitor
2022-03-07 18:33:44,822:INFO:Importing libraries
2022-03-07 18:33:44,822:INFO:Copying data for preprocessing
2022-03-07 18:33:44,825:INFO:Declaring preprocessing parameters
2022-03-07 18:33:44,827:INFO:Creating preprocessing pipeline
2022-03-07 18:33:44,849:INFO:Preprocessing pipeline created successfully
2022-03-07 18:33:44,849:ERROR:(Process Exit): setup has been interupted with user command 'quit'. setup must rerun.
2022-03-07 18:33:44,849:INFO:Creating global containers
2022-03-07 18:33:44,850:INFO:Internal pipeline: Pipeline(memory=None, steps=[('empty_step', 'passthrough')], verbose=False)
2022-03-07 18:33:45,393:WARNING:Couldn't import catboost.CatBoostClassifier
2022-03-07 18:33:45,427:WARNING:Couldn't import catboost.CatBoostClassifier
2022-03-07 18:33:45,427:INFO:Creating grid variables
2022-03-07 18:33:45,429:INFO:create_model_container: 0
2022-03-07 18:33:45,429:INFO:master_model_container: 0
2022-03-07 18:33:45,429:INFO:display_container: 1
2022-03-07 18:33:45,431:INFO:Pipeline(memory=None,
         steps=[('dtypes',
                 DataTypes_Auto_infer(categorical_features=[],
                                      display_types=False, features_todrop=[],
                                      id_columns=[],
                                      ml_usecase='classification',
                                      numerical_features=[], target='dependant',
                                      time_features=[])),
                ('imputer',
                 Simple_Imputer(categorical_strategy='not_available',
                                fill_value_categorical=None,
                                fill_value_numerical=None,
                                numeric_s...
                ('scaling', 'passthrough'), ('P_transform', 'passthrough'),
                ('binn', 'passthrough'), ('rem_outliers', 'passthrough'),
                ('cluster_all', 'passthrough'),
                ('dummy', Dummify(target='dependant')),
                ('fix_perfect', Remove_100(target='dependant')),
                ('clean_names', Clean_Colum_Names()),
                ('feature_select', 'passthrough'), ('fix_multi', 'passthrough'),
                ('dfs', 'passthrough'), ('pca', 'passthrough')],
         verbose=False)
2022-03-07 18:33:45,431:INFO:setup() succesfully completed......................................
2022-03-07 18:34:58,273:INFO:Initializing compare_models()
2022-03-07 18:34:58,274:INFO:compare_models(include=None, fold=None, round=4, cross_validation=True, sort=Accuracy, n_select=1, budget_time=None, turbo=True, errors=ignore, fit_kwargs=None, groups=None, probability_threshold=None, verbose=True, display=None, exclude=None)
2022-03-07 18:34:58,274:INFO:Checking exceptions
2022-03-07 18:34:58,274:INFO:Preparing display monitor
2022-03-07 18:34:58,274:INFO:Preparing display monitor
2022-03-07 18:34:58,275:INFO:Initializing Logistic Regression
2022-03-07 18:34:58,275:INFO:Total runtime is 5.443890889485677e-07 minutes
2022-03-07 18:34:58,275:INFO:SubProcess create_model() called ==================================
2022-03-07 18:34:58,275:INFO:Initializing create_model()
2022-03-07 18:34:58,275:INFO:create_model(estimator=lr, fold=StratifiedKFold(n_splits=10, random_state=None, shuffle=False), round=4, cross_validation=True, predict=True, fit_kwargs={}, groups=None, refit=False, verbose=False, system=False, metrics=None, add_to_model_list=True, probability_threshold=None, display=<pycaret.internal.Display.Display object at 0x173f22220>, kwargs={})
2022-03-07 18:34:58,275:INFO:Checking exceptions
2022-03-07 18:34:58,275:INFO:Importing libraries
2022-03-07 18:34:58,275:INFO:Copying training dataset
2022-03-07 18:34:58,276:INFO:Defining folds
2022-03-07 18:34:58,276:INFO:Declaring metric variables
2022-03-07 18:34:58,276:INFO:Importing untrained model
2022-03-07 18:34:58,277:INFO:Logistic Regression Imported succesfully
2022-03-07 18:34:58,277:INFO:Starting cross validation
2022-03-07 18:34:58,277:INFO:Cross validating with StratifiedKFold(n_splits=10, random_state=None, shuffle=False), n_jobs=-1
2022-03-07 18:35:23,933:INFO:Calculating mean and std
2022-03-07 18:35:23,935:INFO:Creating metrics dataframe
2022-03-07 18:35:23,973:INFO:Uploading results into container
2022-03-07 18:35:23,973:INFO:Uploading model into container now
2022-03-07 18:35:23,973:INFO:create_model_container: 1
2022-03-07 18:35:23,973:INFO:master_model_container: 1
2022-03-07 18:35:23,973:INFO:display_container: 2
2022-03-07 18:35:23,974:INFO:LogisticRegression(C=1.0, class_weight=None, dual=False, fit_intercept=True,
                   intercept_scaling=1, l1_ratio=None, max_iter=1000,
                   multi_class='auto', n_jobs=None, penalty='l2',
                   random_state=8993, solver='lbfgs', tol=0.0001, verbose=0,
                   warm_start=False)
2022-03-07 18:35:23,974:INFO:create_model() succesfully completed......................................
2022-03-07 18:35:24,037:INFO:SubProcess create_model() end ==================================
2022-03-07 18:35:24,037:INFO:Creating metrics dataframe
2022-03-07 18:35:24,046:INFO:Initializing K Neighbors Classifier
2022-03-07 18:35:24,046:INFO:Total runtime is 0.42952294747034714 minutes
2022-03-07 18:35:24,046:INFO:SubProcess create_model() called ==================================
2022-03-07 18:35:24,047:INFO:Initializing create_model()
2022-03-07 18:35:24,047:INFO:create_model(estimator=knn, fold=StratifiedKFold(n_splits=10, random_state=None, shuffle=False), round=4, cross_validation=True, predict=True, fit_kwargs={}, groups=None, refit=False, verbose=False, system=False, metrics=None, add_to_model_list=True, probability_threshold=None, display=<pycaret.internal.Display.Display object at 0x173f22220>, kwargs={})
2022-03-07 18:35:24,047:INFO:Checking exceptions
2022-03-07 18:35:24,047:INFO:Importing libraries
2022-03-07 18:35:24,047:INFO:Copying training dataset
2022-03-07 18:35:24,047:INFO:Defining folds
2022-03-07 18:35:24,047:INFO:Declaring metric variables
2022-03-07 18:35:24,047:INFO:Importing untrained model
2022-03-07 18:35:24,047:INFO:K Neighbors Classifier Imported succesfully
2022-03-07 18:35:24,047:INFO:Starting cross validation
2022-03-07 18:35:24,048:INFO:Cross validating with StratifiedKFold(n_splits=10, random_state=None, shuffle=False), n_jobs=-1
2022-03-07 18:35:24,430:INFO:Calculating mean and std
2022-03-07 18:35:24,430:INFO:Creating metrics dataframe
2022-03-07 18:35:24,440:INFO:Uploading results into container
2022-03-07 18:35:24,440:INFO:Uploading model into container now
2022-03-07 18:35:24,440:INFO:create_model_container: 2
2022-03-07 18:35:24,441:INFO:master_model_container: 2
2022-03-07 18:35:24,441:INFO:display_container: 2
2022-03-07 18:35:24,441:INFO:KNeighborsClassifier(algorithm='auto', leaf_size=30, metric='minkowski',
                     metric_params=None, n_jobs=-1, n_neighbors=5, p=2,
                     weights='uniform')
2022-03-07 18:35:24,441:INFO:create_model() succesfully completed......................................
2022-03-07 18:35:24,488:INFO:SubProcess create_model() end ==================================
2022-03-07 18:35:24,488:INFO:Creating metrics dataframe
2022-03-07 18:35:24,498:INFO:Initializing Naive Bayes
2022-03-07 18:35:24,498:INFO:Total runtime is 0.4370432615280152 minutes
2022-03-07 18:35:24,498:INFO:SubProcess create_model() called ==================================
2022-03-07 18:35:24,498:INFO:Initializing create_model()
2022-03-07 18:35:24,498:INFO:create_model(estimator=nb, fold=StratifiedKFold(n_splits=10, random_state=None, shuffle=False), round=4, cross_validation=True, predict=True, fit_kwargs={}, groups=None, refit=False, verbose=False, system=False, metrics=None, add_to_model_list=True, probability_threshold=None, display=<pycaret.internal.Display.Display object at 0x173f22220>, kwargs={})
2022-03-07 18:35:24,498:INFO:Checking exceptions
2022-03-07 18:35:24,498:INFO:Importing libraries
2022-03-07 18:35:24,498:INFO:Copying training dataset
2022-03-07 18:35:24,498:INFO:Defining folds
2022-03-07 18:35:24,498:INFO:Declaring metric variables
2022-03-07 18:35:24,498:INFO:Importing untrained model
2022-03-07 18:35:24,498:INFO:Naive Bayes Imported succesfully
2022-03-07 18:35:24,498:INFO:Starting cross validation
2022-03-07 18:35:24,499:INFO:Cross validating with StratifiedKFold(n_splits=10, random_state=None, shuffle=False), n_jobs=-1
2022-03-07 18:35:24,714:INFO:Calculating mean and std
2022-03-07 18:35:24,714:INFO:Creating metrics dataframe
2022-03-07 18:35:24,723:INFO:Uploading results into container
2022-03-07 18:35:24,723:INFO:Uploading model into container now
2022-03-07 18:35:24,723:INFO:create_model_container: 3
2022-03-07 18:35:24,723:INFO:master_model_container: 3
2022-03-07 18:35:24,723:INFO:display_container: 2
2022-03-07 18:35:24,723:INFO:GaussianNB(priors=None, var_smoothing=1e-09)
2022-03-07 18:35:24,723:INFO:create_model() succesfully completed......................................
2022-03-07 18:35:24,770:INFO:SubProcess create_model() end ==================================
2022-03-07 18:35:24,770:INFO:Creating metrics dataframe
2022-03-07 18:35:24,779:INFO:Initializing Decision Tree Classifier
2022-03-07 18:35:24,779:INFO:Total runtime is 0.4417402664820354 minutes
2022-03-07 18:35:24,779:INFO:SubProcess create_model() called ==================================
2022-03-07 18:35:24,780:INFO:Initializing create_model()
2022-03-07 18:35:24,780:INFO:create_model(estimator=dt, fold=StratifiedKFold(n_splits=10, random_state=None, shuffle=False), round=4, cross_validation=True, predict=True, fit_kwargs={}, groups=None, refit=False, verbose=False, system=False, metrics=None, add_to_model_list=True, probability_threshold=None, display=<pycaret.internal.Display.Display object at 0x173f22220>, kwargs={})
2022-03-07 18:35:24,780:INFO:Checking exceptions
2022-03-07 18:35:24,780:INFO:Importing libraries
2022-03-07 18:35:24,780:INFO:Copying training dataset
2022-03-07 18:35:24,780:INFO:Defining folds
2022-03-07 18:35:24,780:INFO:Declaring metric variables
2022-03-07 18:35:24,780:INFO:Importing untrained model
2022-03-07 18:35:24,780:INFO:Decision Tree Classifier Imported succesfully
2022-03-07 18:35:24,780:INFO:Starting cross validation
2022-03-07 18:35:24,781:INFO:Cross validating with StratifiedKFold(n_splits=10, random_state=None, shuffle=False), n_jobs=-1
2022-03-07 18:35:25,137:INFO:Calculating mean and std
2022-03-07 18:35:25,137:INFO:Creating metrics dataframe
2022-03-07 18:35:25,147:INFO:Uploading results into container
2022-03-07 18:35:25,147:INFO:Uploading model into container now
2022-03-07 18:35:25,147:INFO:create_model_container: 4
2022-03-07 18:35:25,147:INFO:master_model_container: 4
2022-03-07 18:35:25,147:INFO:display_container: 2
2022-03-07 18:35:25,147:INFO:DecisionTreeClassifier(ccp_alpha=0.0, class_weight=None, criterion='gini',
                       max_depth=None, max_features=None, max_leaf_nodes=None,
                       min_impurity_decrease=0.0, min_impurity_split=None,
                       min_samples_leaf=1, min_samples_split=2,
                       min_weight_fraction_leaf=0.0, presort='deprecated',
                       random_state=8993, splitter='best')
2022-03-07 18:35:25,147:INFO:create_model() succesfully completed......................................
2022-03-07 18:35:25,195:INFO:SubProcess create_model() end ==================================
2022-03-07 18:35:25,195:INFO:Creating metrics dataframe
2022-03-07 18:35:25,204:INFO:Initializing SVM - Linear Kernel
2022-03-07 18:35:25,204:INFO:Total runtime is 0.4488162994384767 minutes
2022-03-07 18:35:25,204:INFO:SubProcess create_model() called ==================================
2022-03-07 18:35:25,204:INFO:Initializing create_model()
2022-03-07 18:35:25,204:INFO:create_model(estimator=svm, fold=StratifiedKFold(n_splits=10, random_state=None, shuffle=False), round=4, cross_validation=True, predict=True, fit_kwargs={}, groups=None, refit=False, verbose=False, system=False, metrics=None, add_to_model_list=True, probability_threshold=None, display=<pycaret.internal.Display.Display object at 0x173f22220>, kwargs={})
2022-03-07 18:35:25,204:INFO:Checking exceptions
2022-03-07 18:35:25,204:INFO:Importing libraries
2022-03-07 18:35:25,204:INFO:Copying training dataset
2022-03-07 18:35:25,205:INFO:Defining folds
2022-03-07 18:35:25,205:INFO:Declaring metric variables
2022-03-07 18:35:25,205:INFO:Importing untrained model
2022-03-07 18:35:25,205:INFO:SVM - Linear Kernel Imported succesfully
2022-03-07 18:35:25,205:INFO:Starting cross validation
2022-03-07 18:35:25,205:INFO:Cross validating with StratifiedKFold(n_splits=10, random_state=None, shuffle=False), n_jobs=-1
2022-03-07 18:35:26,147:INFO:Calculating mean and std
2022-03-07 18:35:26,148:INFO:Creating metrics dataframe
2022-03-07 18:35:26,158:INFO:Uploading results into container
2022-03-07 18:35:26,158:INFO:Uploading model into container now
2022-03-07 18:35:26,158:INFO:create_model_container: 5
2022-03-07 18:35:26,158:INFO:master_model_container: 5
2022-03-07 18:35:26,158:INFO:display_container: 2
2022-03-07 18:35:26,158:INFO:SGDClassifier(alpha=0.0001, average=False, class_weight=None,
              early_stopping=False, epsilon=0.1, eta0=0.001, fit_intercept=True,
              l1_ratio=0.15, learning_rate='optimal', loss='hinge',
              max_iter=1000, n_iter_no_change=5, n_jobs=-1, penalty='l2',
              power_t=0.5, random_state=8993, shuffle=True, tol=0.001,
              validation_fraction=0.1, verbose=0, warm_start=False)
2022-03-07 18:35:26,158:INFO:create_model() succesfully completed......................................
2022-03-07 18:35:26,209:INFO:SubProcess create_model() end ==================================
2022-03-07 18:35:26,209:INFO:Creating metrics dataframe
2022-03-07 18:35:26,219:INFO:Initializing Ridge Classifier
2022-03-07 18:35:26,219:INFO:Total runtime is 0.4657278339068096 minutes
2022-03-07 18:35:26,219:INFO:SubProcess create_model() called ==================================
2022-03-07 18:35:26,219:INFO:Initializing create_model()
2022-03-07 18:35:26,219:INFO:create_model(estimator=ridge, fold=StratifiedKFold(n_splits=10, random_state=None, shuffle=False), round=4, cross_validation=True, predict=True, fit_kwargs={}, groups=None, refit=False, verbose=False, system=False, metrics=None, add_to_model_list=True, probability_threshold=None, display=<pycaret.internal.Display.Display object at 0x173f22220>, kwargs={})
2022-03-07 18:35:26,219:INFO:Checking exceptions
2022-03-07 18:35:26,219:INFO:Importing libraries
2022-03-07 18:35:26,219:INFO:Copying training dataset
2022-03-07 18:35:26,219:INFO:Defining folds
2022-03-07 18:35:26,220:INFO:Declaring metric variables
2022-03-07 18:35:26,220:INFO:Importing untrained model
2022-03-07 18:35:26,220:INFO:Ridge Classifier Imported succesfully
2022-03-07 18:35:26,220:INFO:Starting cross validation
2022-03-07 18:35:26,220:INFO:Cross validating with StratifiedKFold(n_splits=10, random_state=None, shuffle=False), n_jobs=-1
2022-03-07 18:35:26,984:INFO:Calculating mean and std
2022-03-07 18:35:26,985:INFO:Creating metrics dataframe
2022-03-07 18:35:26,995:INFO:Uploading results into container
2022-03-07 18:35:26,996:INFO:Uploading model into container now
2022-03-07 18:35:26,996:INFO:create_model_container: 6
2022-03-07 18:35:26,996:INFO:master_model_container: 6
2022-03-07 18:35:26,996:INFO:display_container: 2
2022-03-07 18:35:26,996:INFO:RidgeClassifier(alpha=1.0, class_weight=None, copy_X=True, fit_intercept=True,
                max_iter=None, normalize=False, random_state=8993,
                solver='auto', tol=0.001)
2022-03-07 18:35:26,996:INFO:create_model() succesfully completed......................................
2022-03-07 18:35:27,055:INFO:SubProcess create_model() end ==================================
2022-03-07 18:35:27,055:INFO:Creating metrics dataframe
2022-03-07 18:35:27,068:INFO:Initializing Random Forest Classifier
2022-03-07 18:35:27,068:INFO:Total runtime is 0.4798799832661948 minutes
2022-03-07 18:35:27,068:INFO:SubProcess create_model() called ==================================
2022-03-07 18:35:27,068:INFO:Initializing create_model()
2022-03-07 18:35:27,068:INFO:create_model(estimator=rf, fold=StratifiedKFold(n_splits=10, random_state=None, shuffle=False), round=4, cross_validation=True, predict=True, fit_kwargs={}, groups=None, refit=False, verbose=False, system=False, metrics=None, add_to_model_list=True, probability_threshold=None, display=<pycaret.internal.Display.Display object at 0x173f22220>, kwargs={})
2022-03-07 18:35:27,068:INFO:Checking exceptions
2022-03-07 18:35:27,068:INFO:Importing libraries
2022-03-07 18:35:27,068:INFO:Copying training dataset
2022-03-07 18:35:27,069:INFO:Defining folds
2022-03-07 18:35:27,069:INFO:Declaring metric variables
2022-03-07 18:35:27,069:INFO:Importing untrained model
2022-03-07 18:35:27,069:INFO:Random Forest Classifier Imported succesfully
2022-03-07 18:35:27,069:INFO:Starting cross validation
2022-03-07 18:35:27,069:INFO:Cross validating with StratifiedKFold(n_splits=10, random_state=None, shuffle=False), n_jobs=-1
2022-03-07 18:35:30,176:INFO:Calculating mean and std
2022-03-07 18:35:30,177:INFO:Creating metrics dataframe
2022-03-07 18:35:30,187:INFO:Uploading results into container
2022-03-07 18:35:30,187:INFO:Uploading model into container now
2022-03-07 18:35:30,187:INFO:create_model_container: 7
2022-03-07 18:35:30,187:INFO:master_model_container: 7
2022-03-07 18:35:30,187:INFO:display_container: 2
2022-03-07 18:35:30,187:INFO:RandomForestClassifier(bootstrap=True, ccp_alpha=0.0, class_weight=None,
                       criterion='gini', max_depth=None, max_features='auto',
                       max_leaf_nodes=None, max_samples=None,
                       min_impurity_decrease=0.0, min_impurity_split=None,
                       min_samples_leaf=1, min_samples_split=2,
                       min_weight_fraction_leaf=0.0, n_estimators=100,
                       n_jobs=-1, oob_score=False, random_state=8993, verbose=0,
                       warm_start=False)
2022-03-07 18:35:30,187:INFO:create_model() succesfully completed......................................
2022-03-07 18:35:30,234:INFO:SubProcess create_model() end ==================================
2022-03-07 18:35:30,234:INFO:Creating metrics dataframe
2022-03-07 18:35:30,244:INFO:Initializing Quadratic Discriminant Analysis
2022-03-07 18:35:30,244:INFO:Total runtime is 0.5328168471654258 minutes
2022-03-07 18:35:30,244:INFO:SubProcess create_model() called ==================================
2022-03-07 18:35:30,244:INFO:Initializing create_model()
2022-03-07 18:35:30,244:INFO:create_model(estimator=qda, fold=StratifiedKFold(n_splits=10, random_state=None, shuffle=False), round=4, cross_validation=True, predict=True, fit_kwargs={}, groups=None, refit=False, verbose=False, system=False, metrics=None, add_to_model_list=True, probability_threshold=None, display=<pycaret.internal.Display.Display object at 0x173f22220>, kwargs={})
2022-03-07 18:35:30,244:INFO:Checking exceptions
2022-03-07 18:35:30,244:INFO:Importing libraries
2022-03-07 18:35:30,244:INFO:Copying training dataset
2022-03-07 18:35:30,245:INFO:Defining folds
2022-03-07 18:35:30,245:INFO:Declaring metric variables
2022-03-07 18:35:30,245:INFO:Importing untrained model
2022-03-07 18:35:30,245:INFO:Quadratic Discriminant Analysis Imported succesfully
2022-03-07 18:35:30,245:INFO:Starting cross validation
2022-03-07 18:35:30,245:INFO:Cross validating with StratifiedKFold(n_splits=10, random_state=None, shuffle=False), n_jobs=-1
2022-03-07 18:35:30,647:INFO:Calculating mean and std
2022-03-07 18:35:30,647:INFO:Creating metrics dataframe
2022-03-07 18:35:30,656:INFO:Uploading results into container
2022-03-07 18:35:30,656:INFO:Uploading model into container now
2022-03-07 18:35:30,656:INFO:create_model_container: 8
2022-03-07 18:35:30,656:INFO:master_model_container: 8
2022-03-07 18:35:30,656:INFO:display_container: 2
2022-03-07 18:35:30,657:INFO:QuadraticDiscriminantAnalysis(priors=None, reg_param=0.0,
                              store_covariance=False, tol=0.0001)
2022-03-07 18:35:30,657:INFO:create_model() succesfully completed......................................
2022-03-07 18:35:30,704:INFO:SubProcess create_model() end ==================================
2022-03-07 18:35:30,704:INFO:Creating metrics dataframe
2022-03-07 18:35:30,714:INFO:Initializing Ada Boost Classifier
2022-03-07 18:35:30,714:INFO:Total runtime is 0.5406459967295331 minutes
2022-03-07 18:35:30,714:INFO:SubProcess create_model() called ==================================
2022-03-07 18:35:30,714:INFO:Initializing create_model()
2022-03-07 18:35:30,714:INFO:create_model(estimator=ada, fold=StratifiedKFold(n_splits=10, random_state=None, shuffle=False), round=4, cross_validation=True, predict=True, fit_kwargs={}, groups=None, refit=False, verbose=False, system=False, metrics=None, add_to_model_list=True, probability_threshold=None, display=<pycaret.internal.Display.Display object at 0x173f22220>, kwargs={})
2022-03-07 18:35:30,714:INFO:Checking exceptions
2022-03-07 18:35:30,714:INFO:Importing libraries
2022-03-07 18:35:30,714:INFO:Copying training dataset
2022-03-07 18:35:30,714:INFO:Defining folds
2022-03-07 18:35:30,714:INFO:Declaring metric variables
2022-03-07 18:35:30,715:INFO:Importing untrained model
2022-03-07 18:35:30,715:INFO:Ada Boost Classifier Imported succesfully
2022-03-07 18:35:30,715:INFO:Starting cross validation
2022-03-07 18:35:30,715:INFO:Cross validating with StratifiedKFold(n_splits=10, random_state=None, shuffle=False), n_jobs=-1
2022-03-07 18:35:31,997:INFO:Calculating mean and std
2022-03-07 18:35:31,998:INFO:Creating metrics dataframe
2022-03-07 18:35:32,008:INFO:Uploading results into container
2022-03-07 18:35:32,008:INFO:Uploading model into container now
2022-03-07 18:35:32,008:INFO:create_model_container: 9
2022-03-07 18:35:32,008:INFO:master_model_container: 9
2022-03-07 18:35:32,008:INFO:display_container: 2
2022-03-07 18:35:32,009:INFO:AdaBoostClassifier(algorithm='SAMME.R', base_estimator=None, learning_rate=1.0,
                   n_estimators=50, random_state=8993)
2022-03-07 18:35:32,009:INFO:create_model() succesfully completed......................................
2022-03-07 18:35:32,059:INFO:SubProcess create_model() end ==================================
2022-03-07 18:35:32,060:INFO:Creating metrics dataframe
2022-03-07 18:35:32,070:INFO:Initializing Gradient Boosting Classifier
2022-03-07 18:35:32,070:INFO:Total runtime is 0.5632543643315635 minutes
2022-03-07 18:35:32,070:INFO:SubProcess create_model() called ==================================
2022-03-07 18:35:32,070:INFO:Initializing create_model()
2022-03-07 18:35:32,070:INFO:create_model(estimator=gbc, fold=StratifiedKFold(n_splits=10, random_state=None, shuffle=False), round=4, cross_validation=True, predict=True, fit_kwargs={}, groups=None, refit=False, verbose=False, system=False, metrics=None, add_to_model_list=True, probability_threshold=None, display=<pycaret.internal.Display.Display object at 0x173f22220>, kwargs={})
2022-03-07 18:35:32,070:INFO:Checking exceptions
2022-03-07 18:35:32,070:INFO:Importing libraries
2022-03-07 18:35:32,070:INFO:Copying training dataset
2022-03-07 18:35:32,071:INFO:Defining folds
2022-03-07 18:35:32,071:INFO:Declaring metric variables
2022-03-07 18:35:32,071:INFO:Importing untrained model
2022-03-07 18:35:32,071:INFO:Gradient Boosting Classifier Imported succesfully
2022-03-07 18:35:32,071:INFO:Starting cross validation
2022-03-07 18:35:32,071:INFO:Cross validating with StratifiedKFold(n_splits=10, random_state=None, shuffle=False), n_jobs=-1
2022-03-07 18:35:36,845:INFO:Calculating mean and std
2022-03-07 18:35:36,845:INFO:Creating metrics dataframe
2022-03-07 18:35:36,857:INFO:Uploading results into container
2022-03-07 18:35:36,857:INFO:Uploading model into container now
2022-03-07 18:35:36,857:INFO:create_model_container: 10
2022-03-07 18:35:36,857:INFO:master_model_container: 10
2022-03-07 18:35:36,857:INFO:display_container: 2
2022-03-07 18:35:36,857:INFO:GradientBoostingClassifier(ccp_alpha=0.0, criterion='friedman_mse', init=None,
                           learning_rate=0.1, loss='deviance', max_depth=3,
                           max_features=None, max_leaf_nodes=None,
                           min_impurity_decrease=0.0, min_impurity_split=None,
                           min_samples_leaf=1, min_samples_split=2,
                           min_weight_fraction_leaf=0.0, n_estimators=100,
                           n_iter_no_change=None, presort='deprecated',
                           random_state=8993, subsample=1.0, tol=0.0001,
                           validation_fraction=0.1, verbose=0,
                           warm_start=False)
2022-03-07 18:35:36,857:INFO:create_model() succesfully completed......................................
2022-03-07 18:35:36,907:INFO:SubProcess create_model() end ==================================
2022-03-07 18:35:36,907:INFO:Creating metrics dataframe
2022-03-07 18:35:36,918:INFO:Initializing Linear Discriminant Analysis
2022-03-07 18:35:36,918:INFO:Total runtime is 0.6440483967463178 minutes
2022-03-07 18:35:36,918:INFO:SubProcess create_model() called ==================================
2022-03-07 18:35:36,918:INFO:Initializing create_model()
2022-03-07 18:35:36,918:INFO:create_model(estimator=lda, fold=StratifiedKFold(n_splits=10, random_state=None, shuffle=False), round=4, cross_validation=True, predict=True, fit_kwargs={}, groups=None, refit=False, verbose=False, system=False, metrics=None, add_to_model_list=True, probability_threshold=None, display=<pycaret.internal.Display.Display object at 0x173f22220>, kwargs={})
2022-03-07 18:35:36,918:INFO:Checking exceptions
2022-03-07 18:35:36,918:INFO:Importing libraries
2022-03-07 18:35:36,918:INFO:Copying training dataset
2022-03-07 18:35:36,918:INFO:Defining folds
2022-03-07 18:35:36,919:INFO:Declaring metric variables
2022-03-07 18:35:36,919:INFO:Importing untrained model
2022-03-07 18:35:36,919:INFO:Linear Discriminant Analysis Imported succesfully
2022-03-07 18:35:36,919:INFO:Starting cross validation
2022-03-07 18:35:36,919:INFO:Cross validating with StratifiedKFold(n_splits=10, random_state=None, shuffle=False), n_jobs=-1
2022-03-07 18:35:37,277:INFO:Calculating mean and std
2022-03-07 18:35:37,277:INFO:Creating metrics dataframe
2022-03-07 18:35:37,286:INFO:Uploading results into container
2022-03-07 18:35:37,286:INFO:Uploading model into container now
2022-03-07 18:35:37,286:INFO:create_model_container: 11
2022-03-07 18:35:37,286:INFO:master_model_container: 11
2022-03-07 18:35:37,286:INFO:display_container: 2
2022-03-07 18:35:37,287:INFO:LinearDiscriminantAnalysis(n_components=None, priors=None, shrinkage=None,
                           solver='svd', store_covariance=False, tol=0.0001)
2022-03-07 18:35:37,287:INFO:create_model() succesfully completed......................................
2022-03-07 18:35:37,335:INFO:SubProcess create_model() end ==================================
2022-03-07 18:35:37,335:INFO:Creating metrics dataframe
2022-03-07 18:35:37,345:INFO:Initializing Extra Trees Classifier
2022-03-07 18:35:37,345:INFO:Total runtime is 0.6511707305908205 minutes
2022-03-07 18:35:37,345:INFO:SubProcess create_model() called ==================================
2022-03-07 18:35:37,345:INFO:Initializing create_model()
2022-03-07 18:35:37,345:INFO:create_model(estimator=et, fold=StratifiedKFold(n_splits=10, random_state=None, shuffle=False), round=4, cross_validation=True, predict=True, fit_kwargs={}, groups=None, refit=False, verbose=False, system=False, metrics=None, add_to_model_list=True, probability_threshold=None, display=<pycaret.internal.Display.Display object at 0x173f22220>, kwargs={})
2022-03-07 18:35:37,345:INFO:Checking exceptions
2022-03-07 18:35:37,345:INFO:Importing libraries
2022-03-07 18:35:37,346:INFO:Copying training dataset
2022-03-07 18:35:37,346:INFO:Defining folds
2022-03-07 18:35:37,346:INFO:Declaring metric variables
2022-03-07 18:35:37,346:INFO:Importing untrained model
2022-03-07 18:35:37,346:INFO:Extra Trees Classifier Imported succesfully
2022-03-07 18:35:37,346:INFO:Starting cross validation
2022-03-07 18:35:37,346:INFO:Cross validating with StratifiedKFold(n_splits=10, random_state=None, shuffle=False), n_jobs=-1
2022-03-07 18:35:40,272:INFO:Calculating mean and std
2022-03-07 18:35:40,272:INFO:Creating metrics dataframe
2022-03-07 18:35:40,285:INFO:Uploading results into container
2022-03-07 18:35:40,285:INFO:Uploading model into container now
2022-03-07 18:35:40,285:INFO:create_model_container: 12
2022-03-07 18:35:40,285:INFO:master_model_container: 12
2022-03-07 18:35:40,285:INFO:display_container: 2
2022-03-07 18:35:40,285:INFO:ExtraTreesClassifier(bootstrap=False, ccp_alpha=0.0, class_weight=None,
                     criterion='gini', max_depth=None, max_features='auto',
                     max_leaf_nodes=None, max_samples=None,
                     min_impurity_decrease=0.0, min_impurity_split=None,
                     min_samples_leaf=1, min_samples_split=2,
                     min_weight_fraction_leaf=0.0, n_estimators=100, n_jobs=-1,
                     oob_score=False, random_state=8993, verbose=0,
                     warm_start=False)
2022-03-07 18:35:40,286:INFO:create_model() succesfully completed......................................
2022-03-07 18:35:40,339:INFO:SubProcess create_model() end ==================================
2022-03-07 18:35:40,339:INFO:Creating metrics dataframe
2022-03-07 18:35:40,350:INFO:Initializing Extreme Gradient Boosting
2022-03-07 18:35:40,350:INFO:Total runtime is 0.7012485782305402 minutes
2022-03-07 18:35:40,350:INFO:SubProcess create_model() called ==================================
2022-03-07 18:35:40,350:INFO:Initializing create_model()
2022-03-07 18:35:40,350:INFO:create_model(estimator=xgboost, fold=StratifiedKFold(n_splits=10, random_state=None, shuffle=False), round=4, cross_validation=True, predict=True, fit_kwargs={}, groups=None, refit=False, verbose=False, system=False, metrics=None, add_to_model_list=True, probability_threshold=None, display=<pycaret.internal.Display.Display object at 0x173f22220>, kwargs={})
2022-03-07 18:35:40,350:INFO:Checking exceptions
2022-03-07 18:35:40,350:INFO:Importing libraries
2022-03-07 18:35:40,350:INFO:Copying training dataset
2022-03-07 18:35:40,351:INFO:Defining folds
2022-03-07 18:35:40,351:INFO:Declaring metric variables
2022-03-07 18:35:40,351:INFO:Importing untrained model
2022-03-07 18:35:40,351:INFO:Extreme Gradient Boosting Imported succesfully
2022-03-07 18:35:40,351:INFO:Starting cross validation
2022-03-07 18:35:40,352:INFO:Cross validating with StratifiedKFold(n_splits=10, random_state=None, shuffle=False), n_jobs=-1
2022-03-07 18:36:15,850:INFO:Calculating mean and std
2022-03-07 18:36:15,850:INFO:Creating metrics dataframe
2022-03-07 18:36:15,861:INFO:Uploading results into container
2022-03-07 18:36:15,861:INFO:Uploading model into container now
2022-03-07 18:36:15,861:INFO:create_model_container: 13
2022-03-07 18:36:15,861:INFO:master_model_container: 13
2022-03-07 18:36:15,861:INFO:display_container: 2
2022-03-07 18:36:15,861:INFO:XGBClassifier(base_score=None, booster='gbtree', colsample_bylevel=None,
              colsample_bynode=None, colsample_bytree=None,
              enable_categorical=False, gamma=None, gpu_id=None,
              importance_type=None, interaction_constraints=None,
              learning_rate=None, max_delta_step=None, max_depth=None,
              min_child_weight=None, missing=nan, monotone_constraints=None,
              n_estimators=100, n_jobs=-1, num_parallel_tree=None,
              objective='binary:logistic', predictor=None, random_state=8993,
              reg_alpha=None, reg_lambda=None, scale_pos_weight=None,
              subsample=None, tree_method='auto', use_label_encoder=True,
              validate_parameters=None, verbosity=0)
2022-03-07 18:36:15,861:INFO:create_model() succesfully completed......................................
2022-03-07 18:36:15,910:INFO:SubProcess create_model() end ==================================
2022-03-07 18:36:15,911:INFO:Creating metrics dataframe
2022-03-07 18:36:15,922:INFO:Initializing Light Gradient Boosting Machine
2022-03-07 18:36:15,922:INFO:Total runtime is 1.2941121300061547 minutes
2022-03-07 18:36:15,922:INFO:SubProcess create_model() called ==================================
2022-03-07 18:36:15,922:INFO:Initializing create_model()
2022-03-07 18:36:15,922:INFO:create_model(estimator=lightgbm, fold=StratifiedKFold(n_splits=10, random_state=None, shuffle=False), round=4, cross_validation=True, predict=True, fit_kwargs={}, groups=None, refit=False, verbose=False, system=False, metrics=None, add_to_model_list=True, probability_threshold=None, display=<pycaret.internal.Display.Display object at 0x173f22220>, kwargs={})
2022-03-07 18:36:15,922:INFO:Checking exceptions
2022-03-07 18:36:15,922:INFO:Importing libraries
2022-03-07 18:36:15,922:INFO:Copying training dataset
2022-03-07 18:36:15,923:INFO:Defining folds
2022-03-07 18:36:15,923:INFO:Declaring metric variables
2022-03-07 18:36:15,923:INFO:Importing untrained model
2022-03-07 18:36:15,923:INFO:Light Gradient Boosting Machine Imported succesfully
2022-03-07 18:36:15,923:INFO:Starting cross validation
2022-03-07 18:36:15,923:INFO:Cross validating with StratifiedKFold(n_splits=10, random_state=None, shuffle=False), n_jobs=-1
2022-03-07 18:36:38,376:INFO:Calculating mean and std
2022-03-07 18:36:38,377:INFO:Creating metrics dataframe
2022-03-07 18:36:38,386:INFO:Uploading results into container
2022-03-07 18:36:38,386:INFO:Uploading model into container now
2022-03-07 18:36:38,386:INFO:create_model_container: 14
2022-03-07 18:36:38,386:INFO:master_model_container: 14
2022-03-07 18:36:38,386:INFO:display_container: 2
2022-03-07 18:36:38,386:INFO:LGBMClassifier(boosting_type='gbdt', class_weight=None, colsample_bytree=1.0,
               importance_type='split', learning_rate=0.1, max_depth=-1,
               min_child_samples=20, min_child_weight=0.001, min_split_gain=0.0,
               n_estimators=100, n_jobs=-1, num_leaves=31, objective=None,
               random_state=8993, reg_alpha=0.0, reg_lambda=0.0, silent='warn',
               subsample=1.0, subsample_for_bin=200000, subsample_freq=0)
2022-03-07 18:36:38,386:INFO:create_model() succesfully completed......................................
2022-03-07 18:36:38,435:INFO:SubProcess create_model() end ==================================
2022-03-07 18:36:38,435:INFO:Creating metrics dataframe
2022-03-07 18:36:38,447:INFO:Initializing Dummy Classifier
2022-03-07 18:36:38,447:INFO:Total runtime is 1.6695269624392195 minutes
2022-03-07 18:36:38,447:INFO:SubProcess create_model() called ==================================
2022-03-07 18:36:38,447:INFO:Initializing create_model()
2022-03-07 18:36:38,447:INFO:create_model(estimator=dummy, fold=StratifiedKFold(n_splits=10, random_state=None, shuffle=False), round=4, cross_validation=True, predict=True, fit_kwargs={}, groups=None, refit=False, verbose=False, system=False, metrics=None, add_to_model_list=True, probability_threshold=None, display=<pycaret.internal.Display.Display object at 0x173f22220>, kwargs={})
2022-03-07 18:36:38,447:INFO:Checking exceptions
2022-03-07 18:36:38,447:INFO:Importing libraries
2022-03-07 18:36:38,447:INFO:Copying training dataset
2022-03-07 18:36:38,448:INFO:Defining folds
2022-03-07 18:36:38,448:INFO:Declaring metric variables
2022-03-07 18:36:38,448:INFO:Importing untrained model
2022-03-07 18:36:38,448:INFO:Dummy Classifier Imported succesfully
2022-03-07 18:36:38,448:INFO:Starting cross validation
2022-03-07 18:36:38,448:INFO:Cross validating with StratifiedKFold(n_splits=10, random_state=None, shuffle=False), n_jobs=-1
2022-03-07 18:36:38,613:INFO:Calculating mean and std
2022-03-07 18:36:38,613:INFO:Creating metrics dataframe
2022-03-07 18:36:38,622:INFO:Uploading results into container
2022-03-07 18:36:38,622:INFO:Uploading model into container now
2022-03-07 18:36:38,622:INFO:create_model_container: 15
2022-03-07 18:36:38,622:INFO:master_model_container: 15
2022-03-07 18:36:38,622:INFO:display_container: 2
2022-03-07 18:36:38,622:INFO:DummyClassifier(constant=None, random_state=8993, strategy='prior')
2022-03-07 18:36:38,622:INFO:create_model() succesfully completed......................................
2022-03-07 18:36:38,670:INFO:SubProcess create_model() end ==================================
2022-03-07 18:36:38,671:INFO:Creating metrics dataframe
2022-03-07 18:36:38,682:INFO:Initializing create_model()
2022-03-07 18:36:38,682:INFO:create_model(estimator=ExtraTreesClassifier(bootstrap=False, ccp_alpha=0.0, class_weight=None,
                     criterion='gini', max_depth=None, max_features='auto',
                     max_leaf_nodes=None, max_samples=None,
                     min_impurity_decrease=0.0, min_impurity_split=None,
                     min_samples_leaf=1, min_samples_split=2,
                     min_weight_fraction_leaf=0.0, n_estimators=100, n_jobs=-1,
                     oob_score=False, random_state=8993, verbose=0,
                     warm_start=False), fold=StratifiedKFold(n_splits=10, random_state=None, shuffle=False), round=4, cross_validation=False, predict=False, fit_kwargs={}, groups=None, refit=True, verbose=False, system=False, metrics=None, add_to_model_list=True, probability_threshold=None, display=None, kwargs={})
2022-03-07 18:36:38,682:INFO:Checking exceptions
2022-03-07 18:36:38,682:INFO:Importing libraries
2022-03-07 18:36:38,682:INFO:Copying training dataset
2022-03-07 18:36:38,683:INFO:Defining folds
2022-03-07 18:36:38,683:INFO:Declaring metric variables
2022-03-07 18:36:38,683:INFO:Importing untrained model
2022-03-07 18:36:38,683:INFO:Declaring custom model
2022-03-07 18:36:38,683:INFO:Extra Trees Classifier Imported succesfully
2022-03-07 18:36:38,683:INFO:Cross validation set to False
2022-03-07 18:36:38,683:INFO:Fitting Model
2022-03-07 18:36:38,996:INFO:ExtraTreesClassifier(bootstrap=False, ccp_alpha=0.0, class_weight=None,
                     criterion='gini', max_depth=None, max_features='auto',
                     max_leaf_nodes=None, max_samples=None,
                     min_impurity_decrease=0.0, min_impurity_split=None,
                     min_samples_leaf=1, min_samples_split=2,
                     min_weight_fraction_leaf=0.0, n_estimators=100, n_jobs=-1,
                     oob_score=False, random_state=8993, verbose=0,
                     warm_start=False)
2022-03-07 18:36:38,997:INFO:create_models() succesfully completed......................................
2022-03-07 18:36:39,054:INFO:create_model_container: 15
2022-03-07 18:36:39,054:INFO:master_model_container: 15
2022-03-07 18:36:39,054:INFO:display_container: 2
2022-03-07 18:36:39,054:INFO:ExtraTreesClassifier(bootstrap=False, ccp_alpha=0.0, class_weight=None,
                     criterion='gini', max_depth=None, max_features='auto',
                     max_leaf_nodes=None, max_samples=None,
                     min_impurity_decrease=0.0, min_impurity_split=None,
                     min_samples_leaf=1, min_samples_split=2,
                     min_weight_fraction_leaf=0.0, n_estimators=100, n_jobs=-1,
                     oob_score=False, random_state=8993, verbose=0,
                     warm_start=False)
2022-03-07 18:36:39,054:INFO:compare_models() succesfully completed......................................
